
> vokabel-app@1.0.0 dev
> vite


  VITE v5.4.21  ready in 190 ms

  ➜  Local:   http://localhost:5173/
  ➜  Network: use --host to expose
14:15:30 [vite] Internal server error: ENOENT: no such file or directory, open '/src/components/ResultTab.vue'
      at Object.readFileSync (node:fs:434:20)
      at getDescriptor (file:///Users/niklaswulkow/ResearchEngineering/Vokabeltrainer/vokabel-app/node_modules/@vitejs/plugin-vue/dist/index.mjs:114:18)
      at LoadPluginContext.load (file:///Users/niklaswulkow/ResearchEngineering/Vokabeltrainer/vokabel-app/node_modules/@vitejs/plugin-vue/dist/index.mjs:3019:28)
      at PluginContainer.load (file:///Users/niklaswulkow/ResearchEngineering/Vokabeltrainer/vokabel-app/node_modules/vite/dist/node/chunks/dep-BK3b2jBa.js:49067:17)
      at process.processTicksAndRejections (node:internal/process/task_queues:103:5)
      at async loadAndTransform (file:///Users/niklaswulkow/ResearchEngineering/Vokabeltrainer/vokabel-app/node_modules/vite/dist/node/chunks/dep-BK3b2jBa.js:51918:22)
12:56:13 [vite] hmr update /src/components/TranslatorTab.vue, /src/components/TranslatorTab.vue?vue&type=style&index=0&scoped=1c7f29ef&lang.css
14:39:10 [vite] hmr update /src/components/VocabularyTab.vue, /src/components/VocabularyTab.vue?vue&type=style&index=0&scoped=4aaa0e08&lang.css
14:41:42 [vite] http proxy error: /create_word
Error: socket hang up
    at Socket.socketOnEnd (node:_http_client:599:25)
    at Socket.emit (node:events:520:35)
    at endReadableNT (node:internal/streams/readable:1701:12)
    at process.processTicksAndRejections (node:internal/process/task_queues:89:21)
14:41:42 [vite] http proxy error: /check_translation?user_translation=Nous+celebrarans+le+lancement+du+project+lundi&correct_translation=Nous+c%C3%A9l%C3%A9brerons+le+lancement+du+projet+lundi&be_stringent=false&word_to_pay_attention_to=Start
Error: socket hang up
    at Socket.socketOnEnd (node:_http_client:599:25)
    at Socket.emit (node:events:520:35)
    at endReadableNT (node:internal/streams/readable:1701:12)
    at process.processTicksAndRejections (node:internal/process/task_queues:89:21)
14:46:04 [vite] hmr update /src/components/VocabularyTab.vue, /src/components/VocabularyTab.vue?vue&type=style&index=0&scoped=4aaa0e08&lang.css
